# 修复代码生成提示词（实例ID：pytest-dev__pytest-8033）
## 代码仓库
pytest-dev/pytest

## 原始问题描述
Class cleanups in Python 3.8+ are not called
https://docs.python.org/3/library/unittest.html#unittest.TestCase.addClassCleanup

Did not see `doClassCleanups` mentioned anywhere in this repo, which is the method that should be called. See https://github.com/python/cpython/blob/0f221d09cad46bee38d1b7a7822772df66c53028/Lib/unittest/suite.py#L175

Repo:
```
import unittest

def cleanup():
    assert False

class MyTest(unittest.TestCase):
    @classmethod
    def setUpClass(cls):
        cls.addClassCleanup(cleanup)
    
    def test_one(self):
        pass
```

With unittest:
```
.E
======================================================================
ERROR: tearDownClass (test_demo.MyTest)
----------------------------------------------------------------------
Traceback (most recent call last):
  File "/home/petter/source/pytesttest/test_demo.py", line 4, in cleanup
    assert False
AssertionError

----------------------------------------------------------------------
Ran 1 test in 0.000s
```

With Pytest:
```
collected 1 item

test_demo.py .                                                                                                                                                                       [100%]

==================================================================================== 1 passed in 0.03s ====================================================================================
```


## 参考黄金补丁（正确的修复方案）
diff --git a/testing/test_unittest.py b/testing/test_unittest.py
--- a/testing/test_unittest.py
+++ b/testing/test_unittest.py
@@ -1260,3 +1260,163 @@ def test_plain_unittest_does_not_support_async(testdir):
             "*1 passed*",
         ]
     result.stdout.fnmatch_lines(expected_lines)
+
+
+@pytest.mark.skipif(
+    sys.version_info < (3, 8), reason="Feature introduced in Python 3.8"
+)
+def test_do_class_cleanups_on_success(testdir):
+    testpath = testdir.makepyfile(
+        """
+        import unittest
+        class MyTestCase(unittest.TestCase):
+            values = []
+            @classmethod
+            def setUpClass(cls):
+                def cleanup():
+                    cls.values.append(1)
+                cls.addClassCleanup(cleanup)
+            def test_one(self):
+                pass
+            def test_two(self):
+                pass
+        def test_cleanup_called_exactly_once():
+            assert MyTestCase.values == [1]
+    """
+    )
+    reprec = testdir.inline_run(testpath)
+    passed, skipped, failed = reprec.countoutcomes()
+    assert failed == 0
+    assert passed == 3
+
+
+@pytest.mark.skipif(
+    sys.version_info < (3, 8), reason="Feature introduced in Python 3.8"
+)
+def test_do_class_cleanups_on_setupclass_failure(testdir):
+    testpath = testdir.makepyfile(
+        """
+        import unittest
+        class MyTestCase(unittest.TestCase):
+            values = []
+            @classmethod
+            def setUpClass(cls):
+                def cleanup():
+                    cls.values.append(1)
+                cls.addClassCleanup(cleanup)
+                assert False
+            def test_one(self):
+                pass
+        def test_cleanup_called_exactly_once():
+            assert MyTestCase.values == [1]
+    """
+    )
+    reprec = testdir.inline_run(testpath)
+    passed, skipped, failed = reprec.countoutcomes()
+    assert failed == 1
+    assert passed == 1
+
+
+@pytest.mark.skipif(
+    sys.version_info < (3, 8), reason="Feature introduced in Python 3.8"
+)
+def test_do_class_cleanups_on_teardownclass_failure(testdir):
+    testpath = testdir.makepyfile(
+        """
+        import unittest
+        class MyTestCase(unittest.TestCase):
+            values = []
+            @classmethod
+            def setUpClass(cls):
+                def cleanup():
+                    cls.values.append(1)
+                cls.addClassCleanup(cleanup)
+            @classmethod
+            def tearDownClass(cls):
+                assert False
+            def test_one(self):
+                pass
+            def test_two(self):
+                pass
+        def test_cleanup_called_exactly_once():
+            assert MyTestCase.values == [1]
+    """
+    )
+    reprec = testdir.inline_run(testpath)
+    passed, skipped, failed = reprec.countoutcomes()
+    assert passed == 3
+
+
+def test_do_cleanups_on_success(testdir):
+    testpath = testdir.makepyfile(
+        """
+        import unittest
+        class MyTestCase(unittest.TestCase):
+            values = []
+            def setUp(self):
+                def cleanup():
+                    self.values.append(1)
+                self.addCleanup(cleanup)
+            def test_one(self):
+                pass
+            def test_two(self):
+                pass
+        def test_cleanup_called_the_right_number_of_times():
+            assert MyTestCase.values == [1, 1]
+    """
+    )
+    reprec = testdir.inline_run(testpath)
+    passed, skipped, failed = reprec.countoutcomes()
+    assert failed == 0
+    assert passed == 3
+
+
+def test_do_cleanups_on_setup_failure(testdir):
+    testpath = testdir.makepyfile(
+        """
+        import unittest
+        class MyTestCase(unittest.TestCase):
+            values = []
+            def setUp(self):
+                def cleanup():
+                    self.values.append(1)
+                self.addCleanup(cleanup)
+                assert False
+            def test_one(self):
+                pass
+            def test_two(self):
+                pass
+        def test_cleanup_called_the_right_number_of_times():
+            assert MyTestCase.values == [1, 1]
+    """
+    )
+    reprec = testdir.inline_run(testpath)
+    passed, skipped, failed = reprec.countoutcomes()
+    assert failed == 2
+    assert passed == 1
+
+
+def test_do_cleanups_on_teardown_failure(testdir):
+    testpath = testdir.makepyfile(
+        """
+        import unittest
+        class MyTestCase(unittest.TestCase):
+            values = []
+            def setUp(self):
+                def cleanup():
+                    self.values.append(1)
+                self.addCleanup(cleanup)
+            def tearDown(self):
+                assert False
+            def test_one(self):
+                pass
+            def test_two(self):
+                pass
+        def test_cleanup_called_the_right_number_of_times():
+            assert MyTestCase.values == [1, 1]
+    """
+    )
+    reprec = testdir.inline_run(testpath)
+    passed, skipped, failed = reprec.countoutcomes()
+    assert failed == 2
+    assert passed == 1