# 修复代码生成提示词（实例ID：pytest-dev__pytest-7151）
## 代码仓库
pytest-dev/pytest

## 原始问题描述
unittest.TestCase cleanup functions not invoked on test failure
stdlib unittest style cleanup functions registered with `unittest.TestCase.addCleanup` are not invoked when a test fails.  It appears this issue was introduced in pytest version 5.4.0, examples below for version 5.4.1.

### System Info

- Ubuntu 18.04.3 LTS
- Python 3.6.8
- pytest 5.4.1


### Example test and pytest output

```python
import unittest

def cleanup():
    raise Exception('cleanup')

class Test(unittest.TestCase):
    def setUp(self):
        print('setup')
        self.addCleanup(cleanup)

    def tearDown(self):
        print('teardown')

    def test_no_cleanup(self):
        assert False

    def test_cleanup(self):
        assert True

```

```
(venv-3.6.8) cecil@python36-vm:~$ pytest ceciltest.py
========================================================================================= test session starts ==========================================================================================
platform linux -- Python 3.6.8, pytest-5.4.1, py-1.8.1, pluggy-0.13.1
rootdir: /home/cecil
plugins: cov-2.8.1
collected 2 items

ceciltest.py FF                                                                                                                                                                                  [100%]

=============================================================================================== FAILURES ===============================================================================================
__________________________________________________________________________________________ Test.test_cleanup ___________________________________________________________________________________________

    def cleanup():
>       raise Exception('cleanup!')
E       Exception: cleanup!

ceciltest.py:4: Exception
----------------------------------------------------------------------------------------- Captured stdout call -----------------------------------------------------------------------------------------
setup
teardown
_________________________________________________________________________________________ Test.test_no_cleanup _________________________________________________________________________________________

self = <ceciltest.Test testMethod=test_no_cleanup>

    def test_no_cleanup(self):
>       assert False
E       assert False

ceciltest.py:16: AssertionError
----------------------------------------------------------------------------------------- Captured stdout call -----------------------------------------------------------------------------------------
setup
--------------------------------------------------------------------------------------- Captured stdout teardown ---------------------------------------------------------------------------------------
teardown
======================================================================================= short test summary info ========================================================================================
FAILED ceciltest.py::Test::test_cleanup - Exception: cleanup!
FAILED ceciltest.py::Test::test_no_cleanup - assert False
========================================================================================== 2 failed in 0.12s ===========================================================================================

```

### Trying pytest 5.3.5 (works as expected)

```
(venv-3.6.8) cecil@python36-vm:~$ pytest ceciltest.py
========================================================================================= test session starts ==========================================================================================
platform linux -- Python 3.6.8, pytest-5.3.5, py-1.8.1, pluggy-0.13.1
rootdir: /home/cecil
plugins: cov-2.8.1
collected 2 items

ceciltest.py FFE                                                                                                                                                                                 [100%]

================================================================================================ ERRORS ================================================================================================
______________________________________________________________________________ ERROR at teardown of Test.test_no_cleanup _______________________________________________________________________________

    def cleanup():
>       raise Exception('cleanup!')
E       Exception: cleanup!

ceciltest.py:4: Exception
----------------------------------------------------------------------------------------- Captured stdout call -----------------------------------------------------------------------------------------
setup
teardown
=============================================================================================== FAILURES ===============================================================================================
__________________________________________________________________________________________ Test.test_cleanup ___________________________________________________________________________________________

    def cleanup():
>       raise Exception('cleanup!')
E       Exception: cleanup!

ceciltest.py:4: Exception
----------------------------------------------------------------------------------------- Captured stdout call -----------------------------------------------------------------------------------------
setup
teardown
_________________________________________________________________________________________ Test.test_no_cleanup _________________________________________________________________________________________

self = <ceciltest.Test testMethod=test_no_cleanup>

    def test_no_cleanup(self):
>       assert False
E       AssertionError: assert False

ceciltest.py:16: AssertionError
----------------------------------------------------------------------------------------- Captured stdout call -----------------------------------------------------------------------------------------
setup
teardown
====================================================================================== 2 failed, 1 error in 0.12s ======================================================================================
```

### pip list
```
(venv-3.6.8) cecil@python36-vm:~$ pip list
Package            Version
------------------ ----------
astroid            2.3.3
attrs              19.3.0
boto               2.49.0
certifi            2019.11.28
chardet            3.0.4
coverage           5.0.4
httpretty          0.8.10
idna               2.9
importlib-metadata 1.5.0
isort              4.3.21
Jinja2             2.11.1
lazy-object-proxy  1.4.3
MarkupSafe         1.1.1
mccabe             0.6.1
more-itertools     8.2.0
moto               0.4.31
packaging          20.3
parameterized      0.7.0
pep8               1.6.2
pip                18.1
pluggy             0.13.1
py                 1.8.1
pylint             2.4.4
pyparsing          2.4.6
pytest             5.4.1
pytest-cov         2.8.1
python-dateutil    2.8.1
pytz               2019.3
requests           2.23.0
setuptools         40.6.2
six                1.14.0
typed-ast          1.4.1
urllib3            1.25.8
wcwidth            0.1.8
Werkzeug           1.0.0
wrapt              1.11.2
xmltodict          0.12.0
zipp               3.1.0

```


## 参考黄金补丁（正确的修复方案）
diff --git a/testing/test_unittest.py b/testing/test_unittest.py
--- a/testing/test_unittest.py
+++ b/testing/test_unittest.py
@@ -537,28 +537,24 @@ def f(_):
         )
         result.stdout.fnmatch_lines(
             [
-                "test_trial_error.py::TC::test_four SKIPPED",
+                "test_trial_error.py::TC::test_four FAILED",
                 "test_trial_error.py::TC::test_four ERROR",
                 "test_trial_error.py::TC::test_one FAILED",
                 "test_trial_error.py::TC::test_three FAILED",
-                "test_trial_error.py::TC::test_two SKIPPED",
-                "test_trial_error.py::TC::test_two ERROR",
+                "test_trial_error.py::TC::test_two FAILED",
                 "*ERRORS*",
                 "*_ ERROR at teardown of TC.test_four _*",
-                "NOTE: Incompatible Exception Representation, displaying natively:",
-                "*DelayedCalls*",
-                "*_ ERROR at teardown of TC.test_two _*",
-                "NOTE: Incompatible Exception Representation, displaying natively:",
                 "*DelayedCalls*",
                 "*= FAILURES =*",
-                # "*_ TC.test_four _*",
-                # "*NameError*crash*",
+                "*_ TC.test_four _*",
+                "*NameError*crash*",
                 "*_ TC.test_one _*",
                 "*NameError*crash*",
                 "*_ TC.test_three _*",
-                "NOTE: Incompatible Exception Representation, displaying natively:",
                 "*DelayedCalls*",
-                "*= 2 failed, 2 skipped, 2 errors in *",
+                "*_ TC.test_two _*",
+                "*NameError*crash*",
+                "*= 4 failed, 1 error in *",
             ]
         )
 
@@ -876,6 +872,37 @@ def test_notTornDown():
     reprec.assertoutcome(passed=1, failed=1)
 
 
+def test_cleanup_functions(testdir):
+    """Ensure functions added with addCleanup are always called after each test ends (#6947)"""
+    testdir.makepyfile(
+        """
+        import unittest
+
+        cleanups = []
+
+        class Test(unittest.TestCase):
+
+            def test_func_1(self):
+                self.addCleanup(cleanups.append, "test_func_1")
+
+            def test_func_2(self):
+                self.addCleanup(cleanups.append, "test_func_2")
+                assert 0
+
+            def test_func_3_check_cleanups(self):
+                assert cleanups == ["test_func_1", "test_func_2"]
+    """
+    )
+    result = testdir.runpytest("-v")
+    result.stdout.fnmatch_lines(
+        [
+            "*::test_func_1 PASSED *",
+            "*::test_func_2 FAILED *",
+            "*::test_func_3_check_cleanups PASSED *",
+        ]
+    )
+
+
 def test_issue333_result_clearing(testdir):
     testdir.makeconftest(
         """
@@ -1131,6 +1158,41 @@ def test(self):
     assert result.ret == 0
 
 
+def test_pdb_teardown_called(testdir, monkeypatch):
+    """Ensure tearDown() is always called when --pdb is given in the command-line.
+
+    We delay the normal tearDown() calls when --pdb is given, so this ensures we are calling
+    tearDown() eventually to avoid memory leaks when using --pdb.
+    """
+    teardowns = []
+    monkeypatch.setattr(
+        pytest, "test_pdb_teardown_called_teardowns", teardowns, raising=False
+    )
+
+    testdir.makepyfile(
+        """
+        import unittest
+        import pytest
+
+        class MyTestCase(unittest.TestCase):
+
+            def tearDown(self):
+                pytest.test_pdb_teardown_called_teardowns.append(self.id())
+
+            def test_1(self):
+                pass
+            def test_2(self):
+                pass
+    """
+    )
+    result = testdir.runpytest_inprocess("--pdb")
+    result.stdout.fnmatch_lines("* 2 passed in *")
+    assert teardowns == [
+        "test_pdb_teardown_called.MyTestCase.test_1",
+        "test_pdb_teardown_called.MyTestCase.test_2",
+    ]
+
+
 def test_async_support(testdir):
     pytest.importorskip("unittest.async_case")