# 修复代码生成提示词（实例ID：pytest-dev__pytest-10624）
## 代码仓库
pytest-dev/pytest

## 原始问题描述
`assert a == approx(b)` when `b` is dict containing zero value results in ZeroDivisionError
Pytest behaves differently when comparing dictionaries containing zero values compared to lists containing same values

pytest==7.2.0
Ubuntu 22.04

```python
import pytest

def test_foo_dict():
    a = {'foo': 42.0}
    b = {'foo': 0.0}
    assert a == pytest.approx(b) # ZeroDivisionError in pytest/python_api.py

def test_foo_list():
    a = [42.0]
    b = [0.0]
    assert a == pytest.approx(b) # OK
```

```python
_____________________ test_foo_dict

    def test_foo_dict():
        a = {'foo': 42.0}
        b = {'foo': 0.0}
>       assert a == pytest.approx(b)
E       AssertionError: assert {'foo': 42.0} == approx({'foo': 0.0 ± 1.0e-12})
E         (pytest_assertion plugin: representation of details failed: /home/arkanoid/test/venv/lib/python3.10/site-packages/_pytest/python_api.py:274: ZeroDivisionError: float division by zero.
E          Probably an object has a faulty __repr__.)

extra/test_pytest_issue.py:9: AssertionError

_____________________ test_foo_list

    def test_foo_list():
        a = [42.0]
        b = [0.0]
>       assert a == pytest.approx(b)
E       assert [42.0] == approx([0.0 ± 1.0e-12])
E         comparison failed. Mismatched elements: 1 / 1:
E         Max absolute difference: 42.0
E         Max relative difference: 1.0
E         Index | Obtained | Expected     
E         0     | 42.0     | 0.0 ± 1.0e-12

extra/test_pytest_issue.py:15: AssertionError
```


## 参考黄金补丁（正确的修复方案）
diff --git a/testing/python/approx.py b/testing/python/approx.py
--- a/testing/python/approx.py
+++ b/testing/python/approx.py
@@ -630,6 +630,19 @@ def test_dict_nonnumeric(self):
     def test_dict_vs_other(self):
         assert 1 != approx({"a": 0})
 
+    def test_dict_for_div_by_zero(self, assert_approx_raises_regex):
+        assert_approx_raises_regex(
+            {"foo": 42.0},
+            {"foo": 0.0},
+            [
+                r"  comparison failed. Mismatched elements: 1 / 1:",
+                rf"  Max absolute difference: {SOME_FLOAT}",
+                r"  Max relative difference: inf",
+                r"  Index \| Obtained\s+\| Expected   ",
+                rf"  foo   | {SOME_FLOAT} \| {SOME_FLOAT} ± {SOME_FLOAT}",
+            ],
+        )
+
     def test_numpy_array(self):
         np = pytest.importorskip("numpy")