# 修复代码生成提示词（实例ID：sympy__sympy-18630）
## 代码仓库
sympy/sympy

## 原始问题描述
AttributeError: integrate(1 / (1 + x**4)**(S(1)/4), [x, 0, oo])
```
>>> from sympy import *
>>> x = Symbol('x')
>>> integrate(1 / (1 + x**4)**(S(1)/4), [x, 0, oo])
Traceback (most recent call last):
  File "test.py", line 40, in <module>
    print(integrate(1 / (1 + x**4)**(S(1)/4), [x, 0, oo]))
  File "/home/eward/se/sympy/integrals/integrals.py", line 1522, in integrate
    return integral.doit(**doit_flags)
  File "/home/eward/se/sympy/integrals/integrals.py", line 669, in doit
    evalued = Add(*others)._eval_interval(x, a, b)
  File "/home/eward/se/sympy/core/expr.py", line 964, in _eval_interval
    B = _eval_endpoint(left=False)
  File "/home/eward/se/sympy/core/expr.py", line 949, in _eval_endpoint
    C = limit(self, x, c, "+" if left else "-")
  File "/home/eward/se/sympy/series/limits.py", line 71, in limit
    return Limit(e, z, z0, dir).doit(deep=False)
  File "/home/eward/se/sympy/series/limits.py", line 261, in doit
    r = gruntz(e, z, z0, dir)
  File "/home/eward/se/sympy/series/gruntz.py", line 671, in gruntz
    r = limitinf(e0, z)
  File "/home/eward/se/sympy/core/cache.py", line 94, in wrapper
    retval = cfunc(*args, **kwargs)
  File "/home/eward/se/sympy/series/gruntz.py", line 435, in limitinf
    c0, e0 = mrv_leadterm(e, x)
  File "/home/eward/se/sympy/core/cache.py", line 94, in wrapper
    retval = cfunc(*args, **kwargs)
  File "/home/eward/se/sympy/series/gruntz.py", line 524, in mrv_leadterm
    series = calculate_series(f, w, logx=logw)
  File "/home/eward/se/sympy/series/gruntz.py", line 477, in calculate_series
    for t in e.lseries(x, logx=logx):
  File "/home/eward/se/sympy/core/expr.py", line 2924, in yield_lseries
    for si in s:
  File "/home/eward/se/sympy/core/expr.py", line 3136, in _eval_lseries
    series = self._eval_nseries(x, n=n, logx=logx)
  File "/home/eward/se/sympy/core/mul.py", line 1749, in _eval_nseries
    terms = [t.nseries(x, n=n, logx=logx) for t in self.args]
  File "/home/eward/se/sympy/core/mul.py", line 1749, in <listcomp>
    terms = [t.nseries(x, n=n, logx=logx) for t in self.args]
  File "/home/eward/se/sympy/core/expr.py", line 3223, in nseries
    return self._eval_nseries(x, n=n, logx=logx)
  File "/home/eward/se/sympy/core/function.py", line 673, in _eval_nseries
    a = [t.compute_leading_term(x, logx=logx) for t in args]
  File "/home/eward/se/sympy/core/function.py", line 673, in <listcomp>
    a = [t.compute_leading_term(x, logx=logx) for t in args]
AttributeError: 'TupleArg' object has no attribute 'compute_leading_term'
```

It is trying to compute the `nseries` of a hypergeometric function:

```
>>> hyper((S(1)/4, S(1)/4), (S(5)/4,), exp_polar(I*pi)/x**4).nseries()
Traceback (most recent call last):
  File "<stdin>", line 1, in <module>
  File "/home/eward/se/sympy/core/expr.py", line 3221, in nseries
    return self.series(x, x0, n, dir)
  File "/home/eward/se/sympy/core/expr.py", line 2870, in series
    rv = self.subs(x, xpos).series(xpos, x0, n, dir, logx=logx)
  File "/home/eward/se/sympy/core/expr.py", line 2877, in series
    s1 = self._eval_nseries(x, n=n, logx=logx)
  File "/home/eward/se/sympy/core/function.py", line 673, in _eval_nseries
    a = [t.compute_leading_term(x, logx=logx) for t in args]
  File "/home/eward/se/sympy/core/function.py", line 673, in <listcomp>
    a = [t.compute_leading_term(x, logx=logx) for t in args]
AttributeError: 'TupleArg' object has no attribute 'compute_leading_term'
```


## 参考黄金补丁（正确的修复方案）
diff --git a/sympy/functions/special/tests/test_hyper.py b/sympy/functions/special/tests/test_hyper.py
--- a/sympy/functions/special/tests/test_hyper.py
+++ b/sympy/functions/special/tests/test_hyper.py
@@ -341,10 +341,7 @@ def test_meijerg_eval():
 def test_limits():
     k, x = symbols('k, x')
     assert hyper((1,), (Rational(4, 3), Rational(5, 3)), k**2).series(k) == \
-           hyper((1,), (Rational(4, 3), Rational(5, 3)), 0) + \
-           9*k**2*hyper((2,), (Rational(7, 3), Rational(8, 3)), 0)/20 + \
-           81*k**4*hyper((3,), (Rational(10, 3), Rational(11, 3)), 0)/1120 + \
-           O(k**6) # issue 6350
+           1 + 9*k**2/20 + 81*k**4/1120 + O(k**6) # issue 6350
     assert limit(meijerg((), (), (1,), (0,), -x), x, 0) == \
             meijerg(((), ()), ((1,), (0,)), 0) # issue 6052
 
@@ -366,3 +363,10 @@ def test_derivative_appellf1():
     assert diff(appellf1(a, b1, b2, c, x, y), y) == a*b2*appellf1(a + 1, b1, b2 + 1, c + 1, x, y)/c
     assert diff(appellf1(a, b1, b2, c, x, y), z) == 0
     assert diff(appellf1(a, b1, b2, c, x, y), a) ==  Derivative(appellf1(a, b1, b2, c, x, y), a)
+
+
+def test_eval_nseries():
+    a1, b1, a2, b2 = symbols('a1 b1 a2 b2')
+    assert hyper((1,2), (1,2,3), x**2)._eval_nseries(x, 7, None) == 1 + x**2/3 + x**4/24 + x**6/360 + O(x**7)
+    assert exp(x)._eval_nseries(x,7,None) == hyper((a1, b1), (a1, b1), x)._eval_nseries(x, 7, None)
+    assert hyper((a1, a2), (b1, b2), x)._eval_nseries(z, 7, None) == hyper((a1, a2), (b1, b2), x) + O(z**7)